Arguments: 
  /Users/wylc/.nvm/versions/node/v10.24.1/bin/node /usr/local/bin/yarn add -D @types/isasync

PATH: 
  /Users/wylc/.nvm/versions/node/v10.24.1/bin:/Users/wylc/local/bin:/usr/local/bin:/usr/bin:/bin:/usr/sbin:/sbin:/Library/Apple/usr/bin:/Users/wylc/Library/Python/3.8/bin:/opt/helm3:/usr/local/smlnj/bin:/Library/PostgreSQL/13/bin

Yarn version: 
  1.22.4

Node version: 
  10.24.1

Platform: 
  darwin x64

Trace: 
  Error: https://registry.npm.taobao.org/@types%2fisasync: Not found
      at Request.params.callback [as _callback] (/usr/local/lib/node_modules/yarn/lib/cli.js:66987:18)
      at Request.self.callback (/usr/local/lib/node_modules/yarn/lib/cli.js:140748:22)
      at Request.emit (events.js:198:13)
      at Request.<anonymous> (/usr/local/lib/node_modules/yarn/lib/cli.js:141720:10)
      at Request.emit (events.js:198:13)
      at IncomingMessage.<anonymous> (/usr/local/lib/node_modules/yarn/lib/cli.js:141642:12)
      at Object.onceWrapper (events.js:286:20)
      at IncomingMessage.emit (events.js:203:15)
      at endReadableNT (_stream_readable.js:1145:12)
      at process._tickCallback (internal/process/next_tick.js:63:19)

npm manifest: 
  {
    "name": "action-compose",
    "version": "1.0.0",
    "main": "index.js",
    "license": "MIT",
    "dependencies": {
      "isasync": "^1.0.0"
    }
  }

yarn manifest: 
  No manifest

Lockfile: 
  # THIS IS AN AUTOGENERATED FILE. DO NOT EDIT THIS FILE DIRECTLY.
  # yarn lockfile v1
  
  
  isasync@^1.0.0:
    version "1.0.0"
    resolved "https://registry.nlark.com/isasync/download/isasync-1.0.0.tgz#d03adcce0a5e6782f890a0d7acc360e589ce5047"
    integrity sha1-0DrczgpeZ4L4kKDXrMNg5YnOUEc=
